d:\gitsource\image_process\tracke\klt\klt\debug\klt.pch
d:\gitsource\image_process\tracke\klt\klt\debug\vc140.pdb
d:\gitsource\image_process\tracke\klt\klt\debug\vc140.idb
d:\gitsource\image_process\tracke\klt\klt\debug\stdafx.obj
d:\gitsource\image_process\tracke\klt\klt\debug\convolve.obj
d:\gitsource\image_process\tracke\klt\klt\debug\error.obj
d:\gitsource\image_process\tracke\klt\klt\debug\example2.obj
d:\gitsource\image_process\tracke\klt\klt\debug\example3.obj
d:\gitsource\image_process\tracke\klt\klt\debug\example4.obj
d:\gitsource\image_process\tracke\klt\klt\debug\example5.obj
d:\gitsource\image_process\tracke\klt\klt\debug\klt.obj
d:\gitsource\image_process\tracke\klt\klt\debug\klt_util.obj
d:\gitsource\image_process\tracke\klt\klt\debug\pnmio.obj
d:\gitsource\image_process\tracke\klt\klt\debug\pyramid.obj
d:\gitsource\image_process\tracke\klt\klt\debug\selectgoodfeatures.obj
d:\gitsource\image_process\tracke\klt\klt\debug\storefeatures.obj
d:\gitsource\image_process\tracke\klt\klt\debug\trackfeatures.obj
d:\gitsource\image_process\tracke\klt\klt\debug\writefeatures.obj
d:\gitsource\image_process\tracke\klt\klt\debug\example1.obj
d:\gitsource\image_process\tracke\klt\klt\debug\main.obj
d:\gitsource\image_process\tracke\klt\klt\debug\klt.ilk
d:\gitsource\image_process\tracke\klt\klt\debug\klt.exe
d:\gitsource\image_process\tracke\klt\klt\debug\klt.pdb
d:\gitsource\image_process\tracke\klt\klt\.\debug\klt.exe
d:\gitsource\image_process\tracke\klt\klt\debug\klt.tlog\cl.read.1.tlog
d:\gitsource\image_process\tracke\klt\klt\debug\klt.tlog\cl.write.1.tlog
d:\gitsource\image_process\tracke\klt\klt\debug\klt.tlog\cl.command.1.tlog
d:\gitsource\image_process\tracke\klt\klt\debug\klt.tlog\link.read.1.tlog
d:\gitsource\image_process\tracke\klt\klt\debug\klt.tlog\link.write.1.tlog
d:\gitsource\image_process\tracke\klt\klt\debug\klt.tlog\link.command.1.tlog
